<?xml version="1.0" encoding="UTF-8"?>
<testsuite xmlns:xsi="http://www.w3.org/2001/XMLSchema-instance" xsi:noNamespaceSchemaLocation="https://maven.apache.org/surefire/maven-surefire-plugin/xsd/surefire-test-report-3.0.xsd" version="3.0" name="com.emailSenderApplication.emailSenderApp.EmailSenderAppApplicationTests" time="3.695" tests="1" errors="0" skipped="0" failures="0">
  <properties>
[...]
</properties>
  <testcase name="contextLoads" classname="com.emailSenderApplication.emailSenderApp.EmailSenderAppApplicationTests" time="0.922">
    <system-out><![CDATA[15:54:58.805 [main] INFO org.springframework.test.context.support.AnnotationConfigContextLoaderUtils -- Could not detect default configuration classes for test class [com.emailSenderApplication.emailSenderApp.EmailSenderAppApplicationTests]: EmailSenderAppApplicationTests does not declare any static, non-private, non-final, nested classes annotated with @Configuration.
15:54:58.957 [main] INFO org.springframework.boot.test.context.SpringBootTestContextBootstrapper -- Found @SpringBootConfiguration com.emailSenderApplication.emailSenderApp.EmailSenderAppApplication for test class com.emailSenderApplication.emailSenderApp.EmailSenderAppApplicationTests

  .   ____          _            __ _ _
 /\\ / ___'_ __ _ _(_)_ __  __ _ \ \ \ \
( ( )\___ | '_ | '_| | '_ \/ _` | \ \ \ \
 \\/  ___)| |_)| | | | | || (_| |  ) ) ) )
  '  |____| .__|_| |_|_| |_\__, | / / / /
 =========|_|==============|___/=/_/_/_/
 :: Spring Boot ::                (v3.1.0)

2023-06-14T15:54:59.602+05:30  INFO 328 --- [           main] c.e.e.EmailSenderAppApplicationTests     : Starting EmailSenderAppApplicationTests using Java 17.0.7 with PID 328 (started by ignek in /home/ignek/Downloads/emailSenderApp)
2023-06-14T15:54:59.608+05:30  INFO 328 --- [           main] c.e.e.EmailSenderAppApplicationTests     : No active profile set, falling back to 1 default profile: "default"
2023-06-14T15:55:01.325+05:30  INFO 328 --- [           main] c.e.e.EmailSenderAppApplicationTests     : Started EmailSenderAppApplicationTests in 2.142 seconds (process running for 3.419)
]]></system-out>
  </testcase>
</testsuite>